1697619594768	geckodriver	INFO	Listening on 127.0.0.1:12332
1697619597804	mozrunner::runner	INFO	Running command: "C:\\Program Files\\Mozilla Firefox\\firefox.exe" "--marionette" "--remote-debugging-port" "12333" "--remote-allow-hosts" "localhost" "-no-remote" "-profile" "C:\\Users\\kano\\AppData\\Local\\Temp\\rust_mozprofilenNCLp4"
console.warn: services.settings: Ignoring preference override of remote settings server
console.warn: services.settings: Allow by setting MOZ_REMOTE_SETTINGS_DEVTOOLS=1 in the environment
1697619598143	Marionette	INFO	Marionette enabled
Dynamically enable window occlusion 0
1697619598207	Marionette	INFO	Listening on port 12343
WebDriver BiDi listening on ws://127.0.0.1:12333
Read port: 12343
1697619598384	RemoteAgent	WARN	TLS certificate errors will be ignored for this session
DevTools listening on ws://127.0.0.1:12333/devtools/browser/be64f2eb-e676-41c0-8fc9-448d4590ea1a
JavaScript warning: https://ns.eat.co.kr/NeaT/eats/nexacro17lib/framework/SystemBase.js, line 668: unreachable code after return statement
JavaScript warning: https://ns.eat.co.kr/NeaT/eats/nexacro17lib/framework/SystemBase.js, line 1261: unreachable code after return statement
JavaScript warning: https://ns.eat.co.kr/NeaT/eats/nexacro17lib/framework/SystemBase.js, line 1271: unreachable code after return statement
JavaScript warning: https://ns.eat.co.kr/NeaT/eats/nexacro17lib/framework/SystemBase.js, line 1281: unreachable code after return statement
JavaScript warning: https://ns.eat.co.kr/NeaT/eats/nexacro17lib/framework/SystemBase.js, line 617: unreachable code after return statement
JavaScript warning: https://ns.eat.co.kr/NeaT/eats/nexacro17lib/framework/SystemBase.js, line 634: unreachable code after return statement
JavaScript warning: https://ns.eat.co.kr/NeaT/eats/nexacro17lib/framework/SystemBase.js, line 651: unreachable code after return statement
JavaScript warning: https://ns.eat.co.kr/wa_pka/js/forge/has160.asm.js?v=3.0.37.0, line 0: Successfully compiled asm.js code (total compilation time 8ms)
JavaScript warning: https://ns.eat.co.kr/wa_pka/js/forge/aria.asm.js?v=3.0.37.0, line 0: Successfully compiled asm.js code (total compilation time 20ms)
JavaScript warning: https://ns.eat.co.kr/wa_pka/js/forge/kcdsa.asm.js?v=3.0.37.0, line 0: Successfully compiled asm.js code (total compilation time 99ms)
JavaScript warning: https://ns.eat.co.kr/NeaT/eats/nexacro17lib/framework/SystemBase.js, line 668: unreachable code after return statement
JavaScript warning: https://ns.eat.co.kr/NeaT/eats/nexacro17lib/framework/SystemBase.js, line 1261: unreachable code after return statement
JavaScript warning: https://ns.eat.co.kr/NeaT/eats/nexacro17lib/framework/SystemBase.js, line 1271: unreachable code after return statement
JavaScript warning: https://ns.eat.co.kr/NeaT/eats/nexacro17lib/framework/SystemBase.js, line 1281: unreachable code after return statement
JavaScript warning: https://ns.eat.co.kr/NeaT/eats/nexacro17lib/framework/SystemBase.js, line 617: unreachable code after return statement
JavaScript warning: https://ns.eat.co.kr/NeaT/eats/nexacro17lib/framework/SystemBase.js, line 634: unreachable code after return statement
JavaScript warning: https://ns.eat.co.kr/NeaT/eats/nexacro17lib/framework/SystemBase.js, line 651: unreachable code after return statement
JavaScript warning: https://ns.eat.co.kr/wa_pka/js/forge/has160.asm.js?v=3.0.37.0, line 0: Successfully compiled asm.js code (total compilation time 8ms)
JavaScript warning: https://ns.eat.co.kr/wa_pka/js/forge/aria.asm.js?v=3.0.37.0, line 0: Successfully compiled asm.js code (total compilation time 22ms)
JavaScript warning: https://ns.eat.co.kr/wa_pka/js/forge/kcdsa.asm.js?v=3.0.37.0, line 0: Successfully compiled asm.js code (total compilation time 113ms)
1697619613774	Marionette	WARN	TimedPromise timed out after 500 ms: stacktrace:
TimedPromise/<@chrome://remote/content/marionette/sync.sys.mjs:219:24
TimedPromise@chrome://remote/content/marionette/sync.sys.mjs:203:10
interaction.flushEventLoop@chrome://remote/content/marionette/interaction.sys.mjs:429:10
webdriverClickElement@chrome://remote/content/marionette/interaction.sys.mjs:178:31
1697619620531	Marionette	WARN	TimedPromise timed out after 500 ms: stacktrace:
TimedPromise/<@chrome://remote/content/marionette/sync.sys.mjs:219:24
TimedPromise@chrome://remote/content/marionette/sync.sys.mjs:203:10
interaction.flushEventLoop@chrome://remote/content/marionette/interaction.sys.mjs:429:10
webdriverClickElement@chrome://remote/content/marionette/interaction.sys.mjs:178:31
1697619623863	Marionette	WARN	TimedPromise timed out after 500 ms: stacktrace:
TimedPromise/<@chrome://remote/content/marionette/sync.sys.mjs:219:24
TimedPromise@chrome://remote/content/marionette/sync.sys.mjs:203:10
interaction.flushEventLoop@chrome://remote/content/marionette/interaction.sys.mjs:429:10
webdriverClickElement@chrome://remote/content/marionette/interaction.sys.mjs:178:31
1697619627378	Marionette	WARN	TimedPromise timed out after 500 ms: stacktrace:
TimedPromise/<@chrome://remote/content/marionette/sync.sys.mjs:219:24
TimedPromise@chrome://remote/content/marionette/sync.sys.mjs:203:10
interaction.flushEventLoop@chrome://remote/content/marionette/interaction.sys.mjs:429:10
webdriverClickElement@chrome://remote/content/marionette/interaction.sys.mjs:178:31
1697619630906	Marionette	WARN	TimedPromise timed out after 500 ms: stacktrace:
TimedPromise/<@chrome://remote/content/marionette/sync.sys.mjs:219:24
TimedPromise@chrome://remote/content/marionette/sync.sys.mjs:203:10
interaction.flushEventLoop@chrome://remote/content/marionette/interaction.sys.mjs:429:10
webdriverClickElement@chrome://remote/content/marionette/interaction.sys.mjs:178:31
1697619633790	Marionette	WARN	TimedPromise timed out after 500 ms: stacktrace:
TimedPromise/<@chrome://remote/content/marionette/sync.sys.mjs:219:24
TimedPromise@chrome://remote/content/marionette/sync.sys.mjs:203:10
interaction.flushEventLoop@chrome://remote/content/marionette/interaction.sys.mjs:429:10
webdriverClickElement@chrome://remote/content/marionette/interaction.sys.mjs:178:31
1697619636846	Marionette	WARN	TimedPromise timed out after 500 ms: stacktrace:
TimedPromise/<@chrome://remote/content/marionette/sync.sys.mjs:219:24
TimedPromise@chrome://remote/content/marionette/sync.sys.mjs:203:10
interaction.flushEventLoop@chrome://remote/content/marionette/interaction.sys.mjs:429:10
webdriverClickElement@chrome://remote/content/marionette/interaction.sys.mjs:178:31
1697619639662	Marionette	WARN	TimedPromise timed out after 500 ms: stacktrace:
TimedPromise/<@chrome://remote/content/marionette/sync.sys.mjs:219:24
TimedPromise@chrome://remote/content/marionette/sync.sys.mjs:203:10
interaction.flushEventLoop@chrome://remote/content/marionette/interaction.sys.mjs:429:10
webdriverClickElement@chrome://remote/content/marionette/interaction.sys.mjs:178:31
1697619642713	Marionette	WARN	TimedPromise timed out after 500 ms: stacktrace:
TimedPromise/<@chrome://remote/content/marionette/sync.sys.mjs:219:24
TimedPromise@chrome://remote/content/marionette/sync.sys.mjs:203:10
interaction.flushEventLoop@chrome://remote/content/marionette/interaction.sys.mjs:429:10
webdriverClickElement@chrome://remote/content/marionette/interaction.sys.mjs:178:31
1697619647141	Marionette	WARN	TimedPromise timed out after 500 ms: stacktrace:
TimedPromise/<@chrome://remote/content/marionette/sync.sys.mjs:219:24
TimedPromise@chrome://remote/content/marionette/sync.sys.mjs:203:10
interaction.flushEventLoop@chrome://remote/content/marionette/interaction.sys.mjs:429:10
webdriverClickElement@chrome://remote/content/marionette/interaction.sys.mjs:178:31
1697619650574	Marionette	WARN	TimedPromise timed out after 500 ms: stacktrace:
TimedPromise/<@chrome://remote/content/marionette/sync.sys.mjs:219:24
TimedPromise@chrome://remote/content/marionette/sync.sys.mjs:203:10
interaction.flushEventLoop@chrome://remote/content/marionette/interaction.sys.mjs:429:10
webdriverClickElement@chrome://remote/content/marionette/interaction.sys.mjs:178:31
1697619653393	Marionette	WARN	TimedPromise timed out after 500 ms: stacktrace:
TimedPromise/<@chrome://remote/content/marionette/sync.sys.mjs:219:24
TimedPromise@chrome://remote/content/marionette/sync.sys.mjs:203:10
interaction.flushEventLoop@chrome://remote/content/marionette/interaction.sys.mjs:429:10
webdriverClickElement@chrome://remote/content/marionette/interaction.sys.mjs:178:31
JavaScript warning: https://ns.eat.co.kr/NeaT/eats/nexacro17lib/framework/SystemBase.js, line 668: unreachable code after return statement
JavaScript warning: https://ns.eat.co.kr/NeaT/eats/nexacro17lib/framework/SystemBase.js, line 1261: unreachable code after return statement
JavaScript warning: https://ns.eat.co.kr/NeaT/eats/nexacro17lib/framework/SystemBase.js, line 1271: unreachable code after return statement
JavaScript warning: https://ns.eat.co.kr/NeaT/eats/nexacro17lib/framework/SystemBase.js, line 1281: unreachable code after return statement
JavaScript warning: https://ns.eat.co.kr/NeaT/eats/nexacro17lib/framework/SystemBase.js, line 617: unreachable code after return statement
JavaScript warning: https://ns.eat.co.kr/NeaT/eats/nexacro17lib/framework/SystemBase.js, line 634: unreachable code after return statement
JavaScript warning: https://ns.eat.co.kr/NeaT/eats/nexacro17lib/framework/SystemBase.js, line 651: unreachable code after return statement
JavaScript warning: https://ns.eat.co.kr/wa_pka/js/forge/has160.asm.js?v=3.0.37.0, line 0: Successfully compiled asm.js code (total compilation time 8ms)
JavaScript warning: https://ns.eat.co.kr/wa_pka/js/forge/aria.asm.js?v=3.0.37.0, line 0: Successfully compiled asm.js code (total compilation time 22ms)
JavaScript warning: https://ns.eat.co.kr/wa_pka/js/forge/kcdsa.asm.js?v=3.0.37.0, line 0: Successfully compiled asm.js code (total compilation time 117ms)
1697619660478	Marionette	WARN	TimedPromise timed out after 500 ms: stacktrace:
TimedPromise/<@chrome://remote/content/marionette/sync.sys.mjs:219:24
TimedPromise@chrome://remote/content/marionette/sync.sys.mjs:203:10
interaction.flushEventLoop@chrome://remote/content/marionette/interaction.sys.mjs:429:10
webdriverClickElement@chrome://remote/content/marionette/interaction.sys.mjs:178:31
1697619667253	Marionette	WARN	TimedPromise timed out after 500 ms: stacktrace:
TimedPromise/<@chrome://remote/content/marionette/sync.sys.mjs:219:24
TimedPromise@chrome://remote/content/marionette/sync.sys.mjs:203:10
interaction.flushEventLoop@chrome://remote/content/marionette/interaction.sys.mjs:429:10
webdriverClickElement@chrome://remote/content/marionette/interaction.sys.mjs:178:31
1697619670159	Marionette	WARN	TimedPromise timed out after 500 ms: stacktrace:
TimedPromise/<@chrome://remote/content/marionette/sync.sys.mjs:219:24
TimedPromise@chrome://remote/content/marionette/sync.sys.mjs:203:10
interaction.flushEventLoop@chrome://remote/content/marionette/interaction.sys.mjs:429:10
webdriverClickElement@chrome://remote/content/marionette/interaction.sys.mjs:178:31
JavaScript warning: https://ns.eat.co.kr/NeaT/eats/nexacro17lib/framework/SystemBase.js, line 668: unreachable code after return statement
JavaScript warning: https://ns.eat.co.kr/NeaT/eats/nexacro17lib/framework/SystemBase.js, line 1261: unreachable code after return statement
JavaScript warning: https://ns.eat.co.kr/NeaT/eats/nexacro17lib/framework/SystemBase.js, line 1271: unreachable code after return statement
JavaScript warning: https://ns.eat.co.kr/NeaT/eats/nexacro17lib/framework/SystemBase.js, line 1281: unreachable code after return statement
JavaScript warning: https://ns.eat.co.kr/NeaT/eats/nexacro17lib/framework/SystemBase.js, line 617: unreachable code after return statement
JavaScript warning: https://ns.eat.co.kr/NeaT/eats/nexacro17lib/framework/SystemBase.js, line 634: unreachable code after return statement
JavaScript warning: https://ns.eat.co.kr/NeaT/eats/nexacro17lib/framework/SystemBase.js, line 651: unreachable code after return statement
JavaScript warning: https://ns.eat.co.kr/wa_pka/js/forge/has160.asm.js?v=3.0.37.0, line 0: Successfully compiled asm.js code (total compilation time 8ms)
JavaScript warning: https://ns.eat.co.kr/wa_pka/js/forge/aria.asm.js?v=3.0.37.0, line 0: Successfully compiled asm.js code (total compilation time 24ms)
JavaScript warning: https://ns.eat.co.kr/wa_pka/js/forge/kcdsa.asm.js?v=3.0.37.0, line 0: Successfully compiled asm.js code (total compilation time 115ms)
1697619677250	Marionette	WARN	TimedPromise timed out after 500 ms: stacktrace:
TimedPromise/<@chrome://remote/content/marionette/sync.sys.mjs:219:24
TimedPromise@chrome://remote/content/marionette/sync.sys.mjs:203:10
interaction.flushEventLoop@chrome://remote/content/marionette/interaction.sys.mjs:429:10
webdriverClickElement@chrome://remote/content/marionette/interaction.sys.mjs:178:31
JavaScript warning: https://ns.eat.co.kr/NeaT/eats/nexacro17lib/framework/SystemBase.js, line 668: unreachable code after return statement
JavaScript warning: https://ns.eat.co.kr/NeaT/eats/nexacro17lib/framework/SystemBase.js, line 1261: unreachable code after return statement
JavaScript warning: https://ns.eat.co.kr/NeaT/eats/nexacro17lib/framework/SystemBase.js, line 1271: unreachable code after return statement
JavaScript warning: https://ns.eat.co.kr/NeaT/eats/nexacro17lib/framework/SystemBase.js, line 1281: unreachable code after return statement
JavaScript warning: https://ns.eat.co.kr/NeaT/eats/nexacro17lib/framework/SystemBase.js, line 617: unreachable code after return statement
JavaScript warning: https://ns.eat.co.kr/NeaT/eats/nexacro17lib/framework/SystemBase.js, line 634: unreachable code after return statement
JavaScript warning: https://ns.eat.co.kr/NeaT/eats/nexacro17lib/framework/SystemBase.js, line 651: unreachable code after return statement
JavaScript warning: https://ns.eat.co.kr/wa_pka/js/forge/has160.asm.js?v=3.0.37.0, line 0: Successfully compiled asm.js code (total compilation time 6ms)
JavaScript warning: https://ns.eat.co.kr/wa_pka/js/forge/aria.asm.js?v=3.0.37.0, line 0: Successfully compiled asm.js code (total compilation time 22ms)
JavaScript warning: https://ns.eat.co.kr/wa_pka/js/forge/kcdsa.asm.js?v=3.0.37.0, line 0: Successfully compiled asm.js code (total compilation time 112ms)
1697619687927	Marionette	WARN	TimedPromise timed out after 500 ms: stacktrace:
TimedPromise/<@chrome://remote/content/marionette/sync.sys.mjs:219:24
TimedPromise@chrome://remote/content/marionette/sync.sys.mjs:203:10
interaction.flushEventLoop@chrome://remote/content/marionette/interaction.sys.mjs:429:10
webdriverClickElement@chrome://remote/content/marionette/interaction.sys.mjs:178:31
JavaScript warning: https://ns.eat.co.kr/NeaT/eats/nexacro17lib/framework/SystemBase.js, line 1261: unreachable code after return statement
JavaScript warning: https://ns.eat.co.kr/NeaT/eats/nexacro17lib/framework/SystemBase.js, line 1271: unreachable code after return statement
JavaScript warning: https://ns.eat.co.kr/NeaT/eats/nexacro17lib/framework/SystemBase.js, line 1281: unreachable code after return statement
JavaScript warning: https://ns.eat.co.kr/NeaT/eats/nexacro17lib/framework/SystemBase.js, line 617: unreachable code after return statement
JavaScript warning: https://ns.eat.co.kr/NeaT/eats/nexacro17lib/framework/SystemBase.js, line 634: unreachable code after return statement
JavaScript warning: https://ns.eat.co.kr/NeaT/eats/nexacro17lib/framework/SystemBase.js, line 651: unreachable code after return statement
JavaScript warning: https://ns.eat.co.kr/NeaT/eats/nexacro17lib/framework/SystemBase.js, line 668: unreachable code after return statement
JavaScript warning: https://ns.eat.co.kr/wa_pka/js/forge/has160.asm.js?v=3.0.37.0, line 0: Successfully compiled asm.js code (total compilation time 5ms)
JavaScript warning: https://ns.eat.co.kr/wa_pka/js/forge/aria.asm.js?v=3.0.37.0, line 0: Successfully compiled asm.js code (total compilation time 24ms)
JavaScript warning: https://ns.eat.co.kr/wa_pka/js/forge/kcdsa.asm.js?v=3.0.37.0, line 0: Successfully compiled asm.js code (total compilation time 113ms)
1697619698583	Marionette	WARN	TimedPromise timed out after 500 ms: stacktrace:
TimedPromise/<@chrome://remote/content/marionette/sync.sys.mjs:219:24
TimedPromise@chrome://remote/content/marionette/sync.sys.mjs:203:10
interaction.flushEventLoop@chrome://remote/content/marionette/interaction.sys.mjs:429:10
webdriverClickElement@chrome://remote/content/marionette/interaction.sys.mjs:178:31
1697619705021	Marionette	WARN	TimedPromise timed out after 500 ms: stacktrace:
TimedPromise/<@chrome://remote/content/marionette/sync.sys.mjs:219:24
TimedPromise@chrome://remote/content/marionette/sync.sys.mjs:203:10
interaction.flushEventLoop@chrome://remote/content/marionette/interaction.sys.mjs:429:10
webdriverClickElement@chrome://remote/content/marionette/interaction.sys.mjs:178:31
1697619708361	Marionette	WARN	TimedPromise timed out after 500 ms: stacktrace:
TimedPromise/<@chrome://remote/content/marionette/sync.sys.mjs:219:24
TimedPromise@chrome://remote/content/marionette/sync.sys.mjs:203:10
interaction.flushEventLoop@chrome://remote/content/marionette/interaction.sys.mjs:429:10
webdriverClickElement@chrome://remote/content/marionette/interaction.sys.mjs:178:31
1697619711267	Marionette	WARN	TimedPromise timed out after 500 ms: stacktrace:
TimedPromise/<@chrome://remote/content/marionette/sync.sys.mjs:219:24
TimedPromise@chrome://remote/content/marionette/sync.sys.mjs:203:10
interaction.flushEventLoop@chrome://remote/content/marionette/interaction.sys.mjs:429:10
webdriverClickElement@chrome://remote/content/marionette/interaction.sys.mjs:178:31
1697619714446	Marionette	WARN	TimedPromise timed out after 500 ms: stacktrace:
TimedPromise/<@chrome://remote/content/marionette/sync.sys.mjs:219:24
TimedPromise@chrome://remote/content/marionette/sync.sys.mjs:203:10
interaction.flushEventLoop@chrome://remote/content/marionette/interaction.sys.mjs:429:10
webdriverClickElement@chrome://remote/content/marionette/interaction.sys.mjs:178:31
1697619717485	Marionette	WARN	TimedPromise timed out after 500 ms: stacktrace:
TimedPromise/<@chrome://remote/content/marionette/sync.sys.mjs:219:24
TimedPromise@chrome://remote/content/marionette/sync.sys.mjs:203:10
interaction.flushEventLoop@chrome://remote/content/marionette/interaction.sys.mjs:429:10
webdriverClickElement@chrome://remote/content/marionette/interaction.sys.mjs:178:31
1697619720621	Marionette	WARN	TimedPromise timed out after 500 ms: stacktrace:
TimedPromise/<@chrome://remote/content/marionette/sync.sys.mjs:219:24
TimedPromise@chrome://remote/content/marionette/sync.sys.mjs:203:10
interaction.flushEventLoop@chrome://remote/content/marionette/interaction.sys.mjs:429:10
webdriverClickElement@chrome://remote/content/marionette/interaction.sys.mjs:178:31
1697619723544	Marionette	WARN	TimedPromise timed out after 500 ms: stacktrace:
TimedPromise/<@chrome://remote/content/marionette/sync.sys.mjs:219:24
TimedPromise@chrome://remote/content/marionette/sync.sys.mjs:203:10
interaction.flushEventLoop@chrome://remote/content/marionette/interaction.sys.mjs:429:10
webdriverClickElement@chrome://remote/content/marionette/interaction.sys.mjs:178:31
1697619727239	Marionette	WARN	TimedPromise timed out after 500 ms: stacktrace:
TimedPromise/<@chrome://remote/content/marionette/sync.sys.mjs:219:24
TimedPromise@chrome://remote/content/marionette/sync.sys.mjs:203:10
interaction.flushEventLoop@chrome://remote/content/marionette/interaction.sys.mjs:429:10
webdriverClickElement@chrome://remote/content/marionette/interaction.sys.mjs:178:31
1697619731507	Marionette	WARN	TimedPromise timed out after 500 ms: stacktrace:
TimedPromise/<@chrome://remote/content/marionette/sync.sys.mjs:219:24
TimedPromise@chrome://remote/content/marionette/sync.sys.mjs:203:10
interaction.flushEventLoop@chrome://remote/content/marionette/interaction.sys.mjs:429:10
webdriverClickElement@chrome://remote/content/marionette/interaction.sys.mjs:178:31
1697619734834	Marionette	WARN	TimedPromise timed out after 500 ms: stacktrace:
TimedPromise/<@chrome://remote/content/marionette/sync.sys.mjs:219:24
TimedPromise@chrome://remote/content/marionette/sync.sys.mjs:203:10
interaction.flushEventLoop@chrome://remote/content/marionette/interaction.sys.mjs:429:10
webdriverClickElement@chrome://remote/content/marionette/interaction.sys.mjs:178:31
1697619737689	Marionette	WARN	TimedPromise timed out after 500 ms: stacktrace:
TimedPromise/<@chrome://remote/content/marionette/sync.sys.mjs:219:24
TimedPromise@chrome://remote/content/marionette/sync.sys.mjs:203:10
interaction.flushEventLoop@chrome://remote/content/marionette/interaction.sys.mjs:429:10
webdriverClickElement@chrome://remote/content/marionette/interaction.sys.mjs:178:31
JavaScript warning: https://ns.eat.co.kr/NeaT/eats/nexacro17lib/framework/SystemBase.js, line 668: unreachable code after return statement
JavaScript warning: https://ns.eat.co.kr/NeaT/eats/nexacro17lib/framework/SystemBase.js, line 1261: unreachable code after return statement
JavaScript warning: https://ns.eat.co.kr/NeaT/eats/nexacro17lib/framework/SystemBase.js, line 1271: unreachable code after return statement
JavaScript warning: https://ns.eat.co.kr/NeaT/eats/nexacro17lib/framework/SystemBase.js, line 1281: unreachable code after return statement
JavaScript warning: https://ns.eat.co.kr/NeaT/eats/nexacro17lib/framework/SystemBase.js, line 617: unreachable code after return statement
JavaScript warning: https://ns.eat.co.kr/NeaT/eats/nexacro17lib/framework/SystemBase.js, line 634: unreachable code after return statement
JavaScript warning: https://ns.eat.co.kr/NeaT/eats/nexacro17lib/framework/SystemBase.js, line 651: unreachable code after return statement
JavaScript warning: https://ns.eat.co.kr/wa_pka/js/forge/has160.asm.js?v=3.0.37.0, line 0: Successfully compiled asm.js code (total compilation time 11ms)
JavaScript warning: https://ns.eat.co.kr/wa_pka/js/forge/aria.asm.js?v=3.0.37.0, line 0: Successfully compiled asm.js code (total compilation time 25ms)
JavaScript warning: https://ns.eat.co.kr/wa_pka/js/forge/kcdsa.asm.js?v=3.0.37.0, line 0: Successfully compiled asm.js code (total compilation time 104ms)
1697619745240	Marionette	WARN	TimedPromise timed out after 500 ms: stacktrace:
TimedPromise/<@chrome://remote/content/marionette/sync.sys.mjs:219:24
TimedPromise@chrome://remote/content/marionette/sync.sys.mjs:203:10
interaction.flushEventLoop@chrome://remote/content/marionette/interaction.sys.mjs:429:10
webdriverClickElement@chrome://remote/content/marionette/interaction.sys.mjs:178:31
1697619751825	Marionette	WARN	TimedPromise timed out after 500 ms: stacktrace:
TimedPromise/<@chrome://remote/content/marionette/sync.sys.mjs:219:24
TimedPromise@chrome://remote/content/marionette/sync.sys.mjs:203:10
interaction.flushEventLoop@chrome://remote/content/marionette/interaction.sys.mjs:429:10
webdriverClickElement@chrome://remote/content/marionette/interaction.sys.mjs:178:31
1697619754881	Marionette	WARN	TimedPromise timed out after 500 ms: stacktrace:
TimedPromise/<@chrome://remote/content/marionette/sync.sys.mjs:219:24
TimedPromise@chrome://remote/content/marionette/sync.sys.mjs:203:10
interaction.flushEventLoop@chrome://remote/content/marionette/interaction.sys.mjs:429:10
webdriverClickElement@chrome://remote/content/marionette/interaction.sys.mjs:178:31
JavaScript warning: https://ns.eat.co.kr/NeaT/eats/nexacro17lib/framework/SystemBase.js, line 668: unreachable code after return statement
JavaScript warning: https://ns.eat.co.kr/NeaT/eats/nexacro17lib/framework/SystemBase.js, line 1261: unreachable code after return statement
JavaScript warning: https://ns.eat.co.kr/NeaT/eats/nexacro17lib/framework/SystemBase.js, line 1271: unreachable code after return statement
JavaScript warning: https://ns.eat.co.kr/NeaT/eats/nexacro17lib/framework/SystemBase.js, line 1281: unreachable code after return statement
JavaScript warning: https://ns.eat.co.kr/NeaT/eats/nexacro17lib/framework/SystemBase.js, line 617: unreachable code after return statement
JavaScript warning: https://ns.eat.co.kr/NeaT/eats/nexacro17lib/framework/SystemBase.js, line 634: unreachable code after return statement
JavaScript warning: https://ns.eat.co.kr/NeaT/eats/nexacro17lib/framework/SystemBase.js, line 651: unreachable code after return statement
JavaScript warning: https://ns.eat.co.kr/wa_pka/js/forge/has160.asm.js?v=3.0.37.0, line 0: Successfully compiled asm.js code (total compilation time 10ms)
JavaScript warning: https://ns.eat.co.kr/wa_pka/js/forge/aria.asm.js?v=3.0.37.0, line 0: Successfully compiled asm.js code (total compilation time 26ms)
JavaScript warning: https://ns.eat.co.kr/wa_pka/js/forge/kcdsa.asm.js?v=3.0.37.0, line 0: Successfully compiled asm.js code (total compilation time 107ms)
1697619761949	Marionette	WARN	TimedPromise timed out after 500 ms: stacktrace:
TimedPromise/<@chrome://remote/content/marionette/sync.sys.mjs:219:24
TimedPromise@chrome://remote/content/marionette/sync.sys.mjs:203:10
interaction.flushEventLoop@chrome://remote/content/marionette/interaction.sys.mjs:429:10
webdriverClickElement@chrome://remote/content/marionette/interaction.sys.mjs:178:31
JavaScript warning: https://ns.eat.co.kr/NeaT/eats/nexacro17lib/framework/SystemBase.js, line 668: unreachable code after return statement
JavaScript warning: https://ns.eat.co.kr/NeaT/eats/nexacro17lib/framework/SystemBase.js, line 1261: unreachable code after return statement
JavaScript warning: https://ns.eat.co.kr/NeaT/eats/nexacro17lib/framework/SystemBase.js, line 1271: unreachable code after return statement
JavaScript warning: https://ns.eat.co.kr/NeaT/eats/nexacro17lib/framework/SystemBase.js, line 1281: unreachable code after return statement
JavaScript warning: https://ns.eat.co.kr/NeaT/eats/nexacro17lib/framework/SystemBase.js, line 617: unreachable code after return statement
JavaScript warning: https://ns.eat.co.kr/NeaT/eats/nexacro17lib/framework/SystemBase.js, line 634: unreachable code after return statement
JavaScript warning: https://ns.eat.co.kr/NeaT/eats/nexacro17lib/framework/SystemBase.js, line 651: unreachable code after return statement
JavaScript warning: https://ns.eat.co.kr/wa_pka/js/forge/has160.asm.js?v=3.0.37.0, line 0: Successfully compiled asm.js code (total compilation time 11ms)
JavaScript warning: https://ns.eat.co.kr/wa_pka/js/forge/aria.asm.js?v=3.0.37.0, line 0: Successfully compiled asm.js code (total compilation time 21ms)
JavaScript warning: https://ns.eat.co.kr/wa_pka/js/forge/kcdsa.asm.js?v=3.0.37.0, line 0: Successfully compiled asm.js code (total compilation time 95ms)
1697619772385	Marionette	WARN	TimedPromise timed out after 500 ms: stacktrace:
TimedPromise/<@chrome://remote/content/marionette/sync.sys.mjs:219:24
TimedPromise@chrome://remote/content/marionette/sync.sys.mjs:203:10
interaction.flushEventLoop@chrome://remote/content/marionette/interaction.sys.mjs:429:10
webdriverClickElement@chrome://remote/content/marionette/interaction.sys.mjs:178:31
JavaScript warning: https://ns.eat.co.kr/NeaT/eats/nexacro17lib/framework/SystemBase.js, line 1261: unreachable code after return statement
JavaScript warning: https://ns.eat.co.kr/NeaT/eats/nexacro17lib/framework/SystemBase.js, line 1271: unreachable code after return statement
JavaScript warning: https://ns.eat.co.kr/NeaT/eats/nexacro17lib/framework/SystemBase.js, line 1281: unreachable code after return statement
JavaScript warning: https://ns.eat.co.kr/NeaT/eats/nexacro17lib/framework/SystemBase.js, line 668: unreachable code after return statement
JavaScript warning: https://ns.eat.co.kr/NeaT/eats/nexacro17lib/framework/SystemBase.js, line 617: unreachable code after return statement
JavaScript warning: https://ns.eat.co.kr/NeaT/eats/nexacro17lib/framework/SystemBase.js, line 634: unreachable code after return statement
JavaScript warning: https://ns.eat.co.kr/NeaT/eats/nexacro17lib/framework/SystemBase.js, line 651: unreachable code after return statement
JavaScript warning: https://ns.eat.co.kr/wa_pka/js/forge/has160.asm.js?v=3.0.37.0, line 0: Successfully compiled asm.js code (total compilation time 9ms)
JavaScript warning: https://ns.eat.co.kr/wa_pka/js/forge/aria.asm.js?v=3.0.37.0, line 0: Successfully compiled asm.js code (total compilation time 24ms)
JavaScript warning: https://ns.eat.co.kr/wa_pka/js/forge/kcdsa.asm.js?v=3.0.37.0, line 0: Successfully compiled asm.js code (total compilation time 99ms)
1697619782814	Marionette	WARN	TimedPromise timed out after 500 ms: stacktrace:
TimedPromise/<@chrome://remote/content/marionette/sync.sys.mjs:219:24
TimedPromise@chrome://remote/content/marionette/sync.sys.mjs:203:10
interaction.flushEventLoop@chrome://remote/content/marionette/interaction.sys.mjs:429:10
webdriverClickElement@chrome://remote/content/marionette/interaction.sys.mjs:178:31
1697619789375	Marionette	WARN	TimedPromise timed out after 500 ms: stacktrace:
TimedPromise/<@chrome://remote/content/marionette/sync.sys.mjs:219:24
TimedPromise@chrome://remote/content/marionette/sync.sys.mjs:203:10
interaction.flushEventLoop@chrome://remote/content/marionette/interaction.sys.mjs:429:10
webdriverClickElement@chrome://remote/content/marionette/interaction.sys.mjs:178:31
1697619792692	Marionette	WARN	TimedPromise timed out after 500 ms: stacktrace:
TimedPromise/<@chrome://remote/content/marionette/sync.sys.mjs:219:24
TimedPromise@chrome://remote/content/marionette/sync.sys.mjs:203:10
interaction.flushEventLoop@chrome://remote/content/marionette/interaction.sys.mjs:429:10
webdriverClickElement@chrome://remote/content/marionette/interaction.sys.mjs:178:31
1697619796260	Marionette	WARN	TimedPromise timed out after 500 ms: stacktrace:
TimedPromise/<@chrome://remote/content/marionette/sync.sys.mjs:219:24
TimedPromise@chrome://remote/content/marionette/sync.sys.mjs:203:10
interaction.flushEventLoop@chrome://remote/content/marionette/interaction.sys.mjs:429:10
webdriverClickElement@chrome://remote/content/marionette/interaction.sys.mjs:178:31
1697619799210	Marionette	WARN	TimedPromise timed out after 500 ms: stacktrace:
TimedPromise/<@chrome://remote/content/marionette/sync.sys.mjs:219:24
TimedPromise@chrome://remote/content/marionette/sync.sys.mjs:203:10
interaction.flushEventLoop@chrome://remote/content/marionette/interaction.sys.mjs:429:10
webdriverClickElement@chrome://remote/content/marionette/interaction.sys.mjs:178:31
1697619802161	Marionette	WARN	TimedPromise timed out after 500 ms: stacktrace:
TimedPromise/<@chrome://remote/content/marionette/sync.sys.mjs:219:24
TimedPromise@chrome://remote/content/marionette/sync.sys.mjs:203:10
interaction.flushEventLoop@chrome://remote/content/marionette/interaction.sys.mjs:429:10
webdriverClickElement@chrome://remote/content/marionette/interaction.sys.mjs:178:31
1697619805100	Marionette	WARN	TimedPromise timed out after 500 ms: stacktrace:
TimedPromise/<@chrome://remote/content/marionette/sync.sys.mjs:219:24
TimedPromise@chrome://remote/content/marionette/sync.sys.mjs:203:10
interaction.flushEventLoop@chrome://remote/content/marionette/interaction.sys.mjs:429:10
webdriverClickElement@chrome://remote/content/marionette/interaction.sys.mjs:178:31
1697619807824	Marionette	WARN	TimedPromise timed out after 500 ms: stacktrace:
TimedPromise/<@chrome://remote/content/marionette/sync.sys.mjs:219:24
TimedPromise@chrome://remote/content/marionette/sync.sys.mjs:203:10
interaction.flushEventLoop@chrome://remote/content/marionette/interaction.sys.mjs:429:10
webdriverClickElement@chrome://remote/content/marionette/interaction.sys.mjs:178:31
JavaScript warning: https://www.googletagmanager.com/gtag/js?id=G-3DNP79B50L, line 169: Script terminated by timeout at:
l@https://www.googletagmanager.com/gtag/js?id=G-3DNP79B50L:169:17
Ez@https://www.googletagmanager.com/gtag/js?id=G-3DNP79B50L:476:134
Fz/<@https://www.googletagmanager.com/gtag/js?id=G-3DNP79B50L:476:111

1697619811208	Marionette	INFO	Stopped listening on port 12343
Dynamically enable window occlusion 1
